2025-02-10 15:11:09 [main] INFO com.ui.listeners.TestListener Test Suite Stared 
2025-02-10 15:11:47 [TestNG-test-UI Automation Test-1] INFO com.ui.pages.HomePage Visiting the websitehttps://www.automationpractice.pl 
2025-02-10 15:11:58 [TestNG-test-UI Automation Test-1] INFO com.ui.listeners.TestListener loginTest 
2025-02-10 15:11:58 [TestNG-test-UI Automation Test-1] INFO com.ui.listeners.TestListener Verify with the vaild user is able to login into the application 
2025-02-10 15:11:58 [TestNG-test-UI Automation Test-1] INFO com.ui.listeners.TestListener [Sanity, e2e] 
2025-02-10 15:11:58 [TestNG-test-UI Automation Test-1] INFO com.ui.pages.HomePage Trying to performing click to go to sign in Page 
2025-02-10 15:11:58 [TestNG-test-UI Automation Test-1] INFO com.ui.pages.HomePage Finding Element with the locatorBy.xpath: //a[contains(text(), "Sign in")] 
2025-02-10 15:11:58 [TestNG-test-UI Automation Test-1] INFO com.ui.pages.HomePage Element found and now performing ClickBy.xpath: //a[contains(text(), "Sign in")] 
2025-02-10 15:12:00 [TestNG-test-UI Automation Test-1] INFO com.ui.pages.LoginPage Finding Element with the locatorBy.id: email 
2025-02-10 15:12:01 [TestNG-test-UI Automation Test-1] INFO com.ui.pages.LoginPage Element found and now enter the textjatinvsharma@gmail.com 
2025-02-10 15:12:01 [TestNG-test-UI Automation Test-1] INFO com.ui.pages.LoginPage Finding Element with the locatorBy.id: passwd 
2025-02-10 15:12:01 [TestNG-test-UI Automation Test-1] INFO com.ui.pages.LoginPage Element found and now enter the textPassword 
2025-02-10 15:12:01 [TestNG-test-UI Automation Test-1] INFO com.ui.pages.LoginPage Finding Element with the locatorBy.id: SubmitLogin 
2025-02-10 15:12:02 [TestNG-test-UI Automation Test-1] INFO com.ui.pages.LoginPage Element found and now performing ClickBy.id: SubmitLogin 
2025-02-10 15:12:03 [TestNG-test-UI Automation Test-1] INFO com.ui.pages.MyAccountPage Finding Element with the locatorBy.xpath: //a[@title="View my customer account"]/span 
2025-02-10 15:12:03 [TestNG-test-UI Automation Test-1] WARN com.ui.listeners.TestListener loginTest SKIPPED 
2025-02-10 15:12:25 [TestNG-test-UI Automation Test-1] INFO com.ui.pages.HomePage Visiting the websitehttps://www.automationpractice.pl 
2025-02-10 15:12:32 [TestNG-test-UI Automation Test-1] INFO com.ui.listeners.TestListener loginTest 
2025-02-10 15:12:32 [TestNG-test-UI Automation Test-1] INFO com.ui.listeners.TestListener Verify with the vaild user is able to login into the application 
2025-02-10 15:12:32 [TestNG-test-UI Automation Test-1] INFO com.ui.listeners.TestListener [Sanity, e2e] 
2025-02-10 15:12:32 [TestNG-test-UI Automation Test-1] INFO com.ui.pages.HomePage Trying to performing click to go to sign in Page 
2025-02-10 15:12:32 [TestNG-test-UI Automation Test-1] INFO com.ui.pages.HomePage Finding Element with the locatorBy.xpath: //a[contains(text(), "Sign in")] 
2025-02-10 15:12:32 [TestNG-test-UI Automation Test-1] INFO com.ui.pages.HomePage Element found and now performing ClickBy.xpath: //a[contains(text(), "Sign in")] 
2025-02-10 15:12:34 [TestNG-test-UI Automation Test-1] INFO com.ui.pages.LoginPage Finding Element with the locatorBy.id: email 
2025-02-10 15:12:34 [TestNG-test-UI Automation Test-1] INFO com.ui.pages.LoginPage Element found and now enter the textjatinvsharma@gmail.com 
2025-02-10 15:12:35 [TestNG-test-UI Automation Test-1] INFO com.ui.pages.LoginPage Finding Element with the locatorBy.id: passwd 
2025-02-10 15:12:35 [TestNG-test-UI Automation Test-1] INFO com.ui.pages.LoginPage Element found and now enter the textPassword 
2025-02-10 15:12:35 [TestNG-test-UI Automation Test-1] INFO com.ui.pages.LoginPage Finding Element with the locatorBy.id: SubmitLogin 
2025-02-10 15:12:36 [TestNG-test-UI Automation Test-1] INFO com.ui.pages.LoginPage Element found and now performing ClickBy.id: SubmitLogin 
2025-02-10 15:12:37 [TestNG-test-UI Automation Test-1] INFO com.ui.pages.MyAccountPage Finding Element with the locatorBy.xpath: //a[@title="View my customer account"]/span 
2025-02-10 15:12:37 [TestNG-test-UI Automation Test-1] WARN com.ui.listeners.TestListener loginTest SKIPPED 
2025-02-10 15:12:46 [TestNG-test-UI Automation Test-1] INFO com.ui.pages.HomePage Visiting the websitehttps://www.automationpractice.pl 
2025-02-10 15:12:55 [TestNG-test-UI Automation Test-1] INFO com.ui.listeners.TestListener loginTest 
2025-02-10 15:12:55 [TestNG-test-UI Automation Test-1] INFO com.ui.listeners.TestListener Verify with the vaild user is able to login into the application 
2025-02-10 15:12:55 [TestNG-test-UI Automation Test-1] INFO com.ui.listeners.TestListener [Sanity, e2e] 
2025-02-10 15:12:55 [TestNG-test-UI Automation Test-1] INFO com.ui.pages.HomePage Trying to performing click to go to sign in Page 
2025-02-10 15:12:55 [TestNG-test-UI Automation Test-1] INFO com.ui.pages.HomePage Finding Element with the locatorBy.xpath: //a[contains(text(), "Sign in")] 
2025-02-10 15:12:55 [TestNG-test-UI Automation Test-1] INFO com.ui.pages.HomePage Element found and now performing ClickBy.xpath: //a[contains(text(), "Sign in")] 
2025-02-10 15:12:56 [TestNG-test-UI Automation Test-1] INFO com.ui.pages.LoginPage Finding Element with the locatorBy.id: email 
2025-02-10 15:12:56 [TestNG-test-UI Automation Test-1] INFO com.ui.pages.LoginPage Element found and now enter the textjatinvsharma@gmail.com 
2025-02-10 15:12:56 [TestNG-test-UI Automation Test-1] INFO com.ui.pages.LoginPage Finding Element with the locatorBy.id: passwd 
2025-02-10 15:12:57 [TestNG-test-UI Automation Test-1] INFO com.ui.pages.LoginPage Element found and now enter the textPassword 
2025-02-10 15:12:57 [TestNG-test-UI Automation Test-1] INFO com.ui.pages.LoginPage Finding Element with the locatorBy.id: SubmitLogin 
2025-02-10 15:12:57 [TestNG-test-UI Automation Test-1] INFO com.ui.pages.LoginPage Element found and now performing ClickBy.id: SubmitLogin 
2025-02-10 15:12:58 [TestNG-test-UI Automation Test-1] INFO com.ui.pages.MyAccountPage Finding Element with the locatorBy.xpath: //a[@title="View my customer account"]/span 
2025-02-10 15:12:58 [TestNG-test-UI Automation Test-1] WARN com.ui.listeners.TestListener loginTest SKIPPED 
2025-02-10 15:15:07 [TestNG-test-UI Automation Test-1] INFO com.ui.pages.HomePage Visiting the websitehttps://www.automationpractice.pl 
2025-02-10 15:15:10 [TestNG-test-UI Automation Test-1] INFO com.ui.listeners.TestListener loginTest 
2025-02-10 15:15:10 [TestNG-test-UI Automation Test-1] INFO com.ui.listeners.TestListener Verify with the vaild user is able to login into the application 
2025-02-10 15:15:10 [TestNG-test-UI Automation Test-1] INFO com.ui.listeners.TestListener [Sanity, e2e] 
2025-02-10 15:15:10 [TestNG-test-UI Automation Test-1] INFO com.ui.pages.HomePage Trying to performing click to go to sign in Page 
2025-02-10 15:15:10 [TestNG-test-UI Automation Test-1] INFO com.ui.pages.HomePage Finding Element with the locatorBy.xpath: //a[contains(text(), "Sign in")] 
2025-02-10 15:15:15 [TestNG-test-UI Automation Test-1] INFO com.ui.pages.HomePage Element found and now performing ClickBy.xpath: //a[contains(text(), "Sign in")] 
2025-02-10 15:15:17 [TestNG-test-UI Automation Test-1] INFO com.ui.pages.LoginPage Finding Element with the locatorBy.id: email 
2025-02-10 15:15:17 [TestNG-test-UI Automation Test-1] INFO com.ui.pages.LoginPage Element found and now enter the textjatinvsharma@gmail.com 
2025-02-10 15:15:17 [TestNG-test-UI Automation Test-1] INFO com.ui.pages.LoginPage Finding Element with the locatorBy.id: passwd 
2025-02-10 15:15:17 [TestNG-test-UI Automation Test-1] INFO com.ui.pages.LoginPage Element found and now enter the textPassword 
2025-02-10 15:15:18 [TestNG-test-UI Automation Test-1] INFO com.ui.pages.LoginPage Finding Element with the locatorBy.id: SubmitLogin 
2025-02-10 15:15:18 [TestNG-test-UI Automation Test-1] INFO com.ui.pages.LoginPage Element found and now performing ClickBy.id: SubmitLogin 
2025-02-10 15:15:19 [TestNG-test-UI Automation Test-1] INFO com.ui.pages.MyAccountPage Finding Element with the locatorBy.xpath: //a[@title="View my customer account"]/span 
2025-02-10 15:15:19 [TestNG-test-UI Automation Test-1] ERROR com.ui.listeners.TestListener loginTest FAILED 
2025-02-10 15:15:19 [TestNG-test-UI Automation Test-1] ERROR com.ui.listeners.TestListener no such element: Unable to locate element: {"method":"xpath","selector":"//a[@title="View my customer account"]/span"}
  (Session info: chrome=127.0.6533.73)
For documentation on this error, please visit: https://www.selenium.dev/documentation/webdriver/troubleshooting/errors#no-such-element-exception
Build info: version: '4.27.0', revision: 'd6e718d134'
System info: os.name: 'Windows 11', os.arch: 'amd64', os.version: '10.0', java.version: '11.0.25'
Driver info: org.openqa.selenium.remote.RemoteWebDriver
Command: [3e7a34132f39396f7a9e191b63c912d0, findElement {using=xpath, value=//a[@title="View my customer account"]/span}]
Capabilities {acceptInsecureCerts: false, browserName: chrome, browserVersion: 127.0.6533.73, chrome: {chromedriverVersion: 127.0.6533.119 (bdef6783a05..., userDataDir: C:\Program Files (x86)\scop...}, fedcm:accounts: true, goog:chromeOptions: {debuggerAddress: localhost:9225}, networkConnectionEnabled: false, pageLoadStrategy: normal, platformName: Windows XP, proxy: Proxy(), se:bidiEnabled: false, se:cdp: wss://cdp-mumbai.lambdatest..., se:cdpVersion: 127.0.6533.73, setWindowRect: true, strictFileInteractability: false, timeouts: {implicit: 0, pageLoad: 300000, script: 30000}, unhandledPromptBehavior: dismiss and notify, webauthn:extension:credBlob: true, webauthn:extension:largeBlob: true, webauthn:extension:minPinLength: true, webauthn:extension:prf: true, webauthn:virtualAuthenticators: true}
Session ID: 3e7a34132f39396f7a9e191b63c912d0 
2025-02-10 15:15:19 [TestNG-test-UI Automation Test-1] INFO com.ui.listeners.TestListener Capturing ScreenShort for the failed tests 
2025-02-10 15:15:19 [TestNG-test-UI Automation Test-1] INFO com.ui.listeners.TestListener Attaching the screenshort to the HTML File 
2025-02-10 15:15:31 [TestNG-test-UI Automation Test-1] INFO com.ui.pages.HomePage Visiting the websitehttps://www.automationpractice.pl 
2025-02-10 15:15:37 [TestNG-test-UI Automation Test-1] INFO com.ui.listeners.TestListener loginTest 
2025-02-10 15:15:37 [TestNG-test-UI Automation Test-1] INFO com.ui.listeners.TestListener Verify with the vaild user is able to login into the application 
2025-02-10 15:15:37 [TestNG-test-UI Automation Test-1] INFO com.ui.listeners.TestListener [Sanity, e2e] 
2025-02-10 15:15:37 [TestNG-test-UI Automation Test-1] INFO com.ui.pages.HomePage Trying to performing click to go to sign in Page 
2025-02-10 15:15:37 [TestNG-test-UI Automation Test-1] INFO com.ui.pages.HomePage Finding Element with the locatorBy.xpath: //a[contains(text(), "Sign in")] 
2025-02-10 15:15:37 [TestNG-test-UI Automation Test-1] INFO com.ui.pages.HomePage Element found and now performing ClickBy.xpath: //a[contains(text(), "Sign in")] 
2025-02-10 15:15:39 [TestNG-test-UI Automation Test-1] INFO com.ui.pages.LoginPage Finding Element with the locatorBy.id: email 
2025-02-10 15:15:39 [TestNG-test-UI Automation Test-1] INFO com.ui.pages.LoginPage Element found and now enter the textnanoyo9366@andinews.com 
2025-02-10 15:15:39 [TestNG-test-UI Automation Test-1] INFO com.ui.pages.LoginPage Finding Element with the locatorBy.id: passwd 
2025-02-10 15:15:40 [TestNG-test-UI Automation Test-1] INFO com.ui.pages.LoginPage Element found and now enter the textPassword 
2025-02-10 15:15:40 [TestNG-test-UI Automation Test-1] INFO com.ui.pages.LoginPage Finding Element with the locatorBy.id: SubmitLogin 
2025-02-10 15:15:40 [TestNG-test-UI Automation Test-1] INFO com.ui.pages.LoginPage Element found and now performing ClickBy.id: SubmitLogin 
2025-02-10 15:15:41 [TestNG-test-UI Automation Test-1] INFO com.ui.pages.MyAccountPage Finding Element with the locatorBy.xpath: //a[@title="View my customer account"]/span 
2025-02-10 15:15:42 [TestNG-test-UI Automation Test-1] INFO com.ui.pages.MyAccountPage Element found and returing the visibleTextSai Kiran 
2025-02-10 15:15:42 [TestNG-test-UI Automation Test-1] INFO com.ui.listeners.TestListener loginTest PASSED 
2025-02-10 15:15:42 [main] INFO com.ui.listeners.TestListener Test Suite Completed 
